<?xml version="1.0" encoding="UTF-8"?>
<!-- Generated by org.testng.reporters.JUnitXMLReporter -->
<testsuite hostname="EPINHYDW019A" ignored="2" name="Command line test" tests="1" failures="0" timestamp="17 Oct 2020 08:20:14 GMT" time="14.32" errors="0">
  <testcase name="testBrokenLinks" time="4.994" classname="pagetest.HomeTest"/>
  <testcase name="@BeforeSuite initReports" time="0.0" classname="pagetest.BaseTest">
    <ignored/>
  </testcase> <!-- @BeforeSuite initReports -->
  <testcase name="@AfterSuite close" time="0.0" classname="pagetest.BaseTest">
    <ignored/>
  </testcase> <!-- @AfterSuite close -->
</testsuite> <!-- Command line test -->
