<?xml version="1.0" encoding="UTF-8"?>
<testng-results skipped="0" failed="0" ignored="2" total="3" passed="1">
  <reporter-output>
  </reporter-output>
  <suite name="Command line suite" duration-ms="14320" started-at="2020-10-17T08:20:00Z" finished-at="2020-10-17T08:20:14Z">
    <groups>
    </groups>
    <test name="Command line test" duration-ms="14320" started-at="2020-10-17T08:20:00Z" finished-at="2020-10-17T08:20:14Z">
      <class name="pagetest.BaseTest">
        <test-method status="PASS" signature="initReports()[pri:0, instance:pagetest.BaseTest@3ffc5af1]" name="initReports" is-config="true" duration-ms="240" started-at="2020-10-17T08:19:59Z" finished-at="2020-10-17T08:20:00Z">
          <reporter-output>
          </reporter-output>
        </test-method> <!-- initReports -->
        <test-method status="PASS" signature="close()[pri:0, instance:pagetest.BaseTest@3ffc5af1]" name="close" is-config="true" duration-ms="197" started-at="2020-10-17T08:20:14Z" finished-at="2020-10-17T08:20:14Z">
          <reporter-output>
          </reporter-output>
        </test-method> <!-- close -->
      </class> <!-- pagetest.BaseTest -->
      <class name="pagetest.HomeTest">
        <test-method status="PASS" signature="beforeMethod(org.testng.ITestContext)[pri:0, instance:pagetest.HomeTest@5e5792a0]" name="beforeMethod" is-config="true" duration-ms="3" started-at="2020-10-17T08:20:00Z" finished-at="2020-10-17T08:20:00Z">
          <params>
            <param index="0">
              <value>
                <![CDATA[org.testng.TestRunner@661d6bb6]]>
              </value>
            </param>
          </params>
          <reporter-output>
          </reporter-output>
        </test-method> <!-- beforeMethod -->
        <test-method status="PASS" signature="openBrowser()[pri:0, instance:pagetest.HomeTest@5e5792a0]" name="openBrowser" is-config="true" duration-ms="8572" started-at="2020-10-17T08:20:00Z" finished-at="2020-10-17T08:20:08Z">
          <reporter-output>
          </reporter-output>
        </test-method> <!-- openBrowser -->
        <test-method status="PASS" signature="testBrokenLinks()[pri:0, instance:pagetest.HomeTest@5e5792a0]" name="testBrokenLinks" duration-ms="4994" started-at="2020-10-17T08:20:08Z" finished-at="2020-10-17T08:20:13Z">
          <reporter-output>
          </reporter-output>
        </test-method> <!-- testBrokenLinks -->
        <test-method status="PASS" signature="getResult(org.testng.ITestResult)[pri:0, instance:pagetest.HomeTest@5e5792a0]" name="getResult" is-config="true" duration-ms="736" started-at="2020-10-17T08:20:13Z" finished-at="2020-10-17T08:20:14Z">
          <params>
            <param index="0">
              <value>
                <![CDATA[[TestResult name=testBrokenLinks status=SUCCESS method=HomeTest.testBrokenLinks()[pri:0, instance:pagetest.HomeTest@5e5792a0] output={null}]]]>
              </value>
            </param>
          </params>
          <reporter-output>
          </reporter-output>
        </test-method> <!-- getResult -->
      </class> <!-- pagetest.HomeTest -->
    </test> <!-- Command line test -->
  </suite> <!-- Command line suite -->
</testng-results>
